0 info it worked if it ends with ok
1 verbose cli [ '/usr/bin/nodejs', '/usr/bin/npm', 'start' ]
2 info using npm@3.3.9
3 info using node@v4.2.1
4 verbose run-script [ 'prestart', 'start', 'poststart' ]
5 info lifecycle SocketUnix2Http@0.0.0~prestart: SocketUnix2Http@0.0.0
6 silly lifecycle SocketUnix2Http@0.0.0~prestart: no script for prestart, continuing
7 info lifecycle SocketUnix2Http@0.0.0~start: SocketUnix2Http@0.0.0
8 verbose lifecycle SocketUnix2Http@0.0.0~start: unsafe-perm in lifecycle true
9 verbose lifecycle SocketUnix2Http@0.0.0~start: PATH: /usr/lib/node_modules/npm/bin/node-gyp-bin:/home/josele/SocketUnix2Http/node_modules/.bin:/usr/local/sbin:/usr/local/bin:/usr/sbin:/usr/bin:/sbin:/bin:/usr/games:/usr/local/games:/home/josele/rpi/tools/arm-bcm2708/gcc-linaro-arm-linux-gnueabihf-raspbian-x64/bin
10 verbose lifecycle SocketUnix2Http@0.0.0~start: CWD: /home/josele/SocketUnix2Http
11 silly lifecycle SocketUnix2Http@0.0.0~start: Args: [ '-c', 'node ./bin/www' ]
12 silly lifecycle SocketUnix2Http@0.0.0~start: Returned: code: 1  signal: null
13 info lifecycle SocketUnix2Http@0.0.0~start: Failed to exec start script
14 verbose stack Error: SocketUnix2Http@0.0.0 start: `node ./bin/www`
14 verbose stack Exit status 1
14 verbose stack     at EventEmitter.<anonymous> (/usr/lib/node_modules/npm/lib/utils/lifecycle.js:233:16)
14 verbose stack     at emitTwo (events.js:87:13)
14 verbose stack     at EventEmitter.emit (events.js:172:7)
14 verbose stack     at ChildProcess.<anonymous> (/usr/lib/node_modules/npm/lib/utils/spawn.js:24:14)
14 verbose stack     at emitTwo (events.js:87:13)
14 verbose stack     at ChildProcess.emit (events.js:172:7)
14 verbose stack     at maybeClose (internal/child_process.js:818:16)
14 verbose stack     at Process.ChildProcess._handle.onexit (internal/child_process.js:211:5)
15 verbose pkgid SocketUnix2Http@0.0.0
16 verbose cwd /home/josele/SocketUnix2Http
17 error Linux 3.16.0-51-generic
18 error argv "/usr/bin/nodejs" "/usr/bin/npm" "start"
19 error node v4.2.1
20 error npm  v3.3.9
21 error code ELIFECYCLE
22 error SocketUnix2Http@0.0.0 start: `node ./bin/www`
22 error Exit status 1
23 error Failed at the SocketUnix2Http@0.0.0 start script 'node ./bin/www'.
23 error This is most likely a problem with the SocketUnix2Http package,
23 error not with npm itself.
23 error Tell the author that this fails on your system:
23 error     node ./bin/www
23 error You can get their info via:
23 error     npm owner ls SocketUnix2Http
23 error There is likely additional logging output above.
24 verbose exit [ 1, true ]
